<?xml version="1.0" encoding="UTF-8"?>
<testsuite xmlns:xsi="http://www.w3.org/2001/XMLSchema-instance" xsi:noNamespaceSchemaLocation="https://maven.apache.org/surefire/maven-surefire-plugin/xsd/surefire-test-report-3.0.xsd" version="3.0" name="glab303_2_1.AssignmentOperatorsDemoTest" time="0.024" tests="2" errors="0" skipped="0" failures="0">
  <properties>
[...]
</properties>
  <testcase name="testAssignValues" classname="glab303_2_1.AssignmentOperatorsDemoTest" time="0.014">
    <system-out><![CDATA[j is 5
k is 5
]]></system-out>
  </testcase>
  <testcase name="testMultipleAssignments" classname="glab303_2_1.AssignmentOperatorsDemoTest" time="0.0">
    <system-out><![CDATA[j is 10
k is 10
]]></system-out>
  </testcase>
</testsuite>